<?xml version="1.0" encoding="UTF-8"?>
<!-- Generated by org.testng.reporters.JUnitReportReporter -->
<testsuite hostname="DESKTOP-457862M" failures="0" tests="1" name="RestAssuredAutomation.RestAssuredAutomationEmployeeDetails.GetEmployeeRequest" time="4.415" errors="0" timestamp="2021-02-08T17:16:37 IST" skipped="0">
  <testcase classname="RestAssuredAutomation.RestAssuredAutomationEmployeeDetails.GetEmployeeRequest" name="getEmployeRequest" time="4.415"/>
  <system-out/>
</testsuite> <!-- RestAssuredAutomation.RestAssuredAutomationEmployeeDetails.GetEmployeeRequest -->
